Using pre-set license
Built from '2020.2/release' branch; Version is '2020.2.1f1 (270dd8c3da1c) revision 2559448'; Using compiler version '192528614'; Build Type 'Release'
OS: 'Windows 10  (10.0.0) 64bit' Language: 'en' Physical Memory: 16326 MB
BatchMode: 1, IsHumanControllingUs: 0, StartBugReporterOnCrash: 0, Is64bit: 1, IsPro: 0

 COMMAND LINE ARGUMENTS:
C:\Program Files\Unity\Hub\Editor\2020.2.1f1\Editor\Unity.exe
-adb2
-batchMode
-noUpm
-name
AssetImportWorker0
-projectPath
F:/_GAME PROTOTYPES/UnknownEntityRepo/UnknownEntityUnity
-logFile
Logs/AssetImportWorker0.log
-srvPort
51044
Successfully changed project path to: F:/_GAME PROTOTYPES/UnknownEntityRepo/UnknownEntityUnity
F:/_GAME PROTOTYPES/UnknownEntityRepo/UnknownEntityUnity
Using Asset Import Pipeline V2.
Refreshing native plugins compatible for Editor in 76.84 ms, found 0 plugins.
Preloading 0 native plugins for Editor in 0.00 ms.
Initialize engine version: 2020.2.1f1 (270dd8c3da1c)
[Subsystems] Discovering subsystems at path C:/Program Files/Unity/Hub/Editor/2020.2.1f1/Editor/Data/Resources/UnitySubsystems
[Subsystems] Discovering subsystems at path F:/_GAME PROTOTYPES/UnknownEntityRepo/UnknownEntityUnity/Assets
GfxDevice: creating device client; threaded=0
Direct3D:
    Version:  Direct3D 11.0 [level 11.1]
    Renderer: NVIDIA GeForce GTX 1070 Ti (ID=0x1b82)
    Vendor:   
    VRAM:     8079 MB
    Driver:   27.21.14.6589
Shader 'Universal Render Pipeline/Particles/Lit': fallback shader 'Universal Render Pipeline/Particles/SimpleLit' not found
Initialize mono
Mono path[0] = 'C:/Program Files/Unity/Hub/Editor/2020.2.1f1/Editor/Data/Managed'
Mono path[1] = 'C:/Program Files/Unity/Hub/Editor/2020.2.1f1/Editor/Data/MonoBleedingEdge/lib/mono/unityjit'
Mono config path = 'C:/Program Files/Unity/Hub/Editor/2020.2.1f1/Editor/Data/MonoBleedingEdge/etc'
Using monoOptions --debugger-agent=transport=dt_socket,embedding=1,server=y,suspend=n,address=127.0.0.1:56792
Begin MonoManager ReloadAssembly
Registering precompiled unity dll's ...
Register platform support module: C:/Program Files/Unity/Hub/Editor/2020.2.1f1/Editor/Data/PlaybackEngines/WindowsStandaloneSupport/UnityEditor.WindowsStandalone.Extensions.dll
Registered in 0.003129 seconds.
Native extension for WindowsStandalone target not found
Refreshing native plugins compatible for Editor in 90.37 ms, found 0 plugins.
Preloading 0 native plugins for Editor in 0.00 ms.
Invoked RoslynAnalysisRunner static constructor.
RoslynAnalysisRunner will not be running.
RoslynAnalysisRunner has terminated.
Mono: successfully reloaded assembly
- Completed reload, in  3.167 seconds
Platform modules already initialized, skipping
Registering precompiled user dll's ...
Registered in 0.001581 seconds.
Begin MonoManager ReloadAssembly
Native extension for WindowsStandalone target not found
Refreshing native plugins compatible for Editor in 101.25 ms, found 0 plugins.
Preloading 0 native plugins for Editor in 0.00 ms.
Invoked RoslynAnalysisRunner static constructor.
RoslynAnalysisRunner will not be running.
RoslynAnalysisRunner has terminated.
Mono: successfully reloaded assembly
- Completed reload, in  1.505 seconds
Platform modules already initialized, skipping
========================================================================
Worker process is ready to serve import requests
Shader 'Universal Render Pipeline/Particles/Lit': fallback shader 'Universal Render Pipeline/Particles/SimpleLit' not found
Launched and connected shader compiler UnityShaderCompiler.exe after 0.13 seconds
Refreshing native plugins compatible for Editor in 0.73 ms, found 0 plugins.
Preloading 0 native plugins for Editor in 0.00 ms.
Unloading 2943 Unused Serialized files (Serialized files now loaded: 0)
System memory in use before: 132.9 MB.
System memory in use after: 133.1 MB.

Unloading 16 unused Assets to reduce memory usage. Loaded Objects now: 3392.
Total: 3.392000 ms (FindLiveObjects: 0.522000 ms CreateObjectMapping: 0.229600 ms MarkObjects: 2.566500 ms  DeleteObjects: 0.072600 ms)

========================================================================
Received Import Request.
  path: Assets/Weapons/ShortBroadSword/RegularAttack/SO_Weapon_Motion_Slash_ShortBroadSword01.asset
  artifactKey: Guid(2f59c7d987f9ce1459ac5a2f4d70c5c9) Importer(815301076,1909f56bfc062723c751e8b465ee728b)
Start importing Assets/Weapons/ShortBroadSword/RegularAttack/SO_Weapon_Motion_Slash_ShortBroadSword01.asset using Guid(2f59c7d987f9ce1459ac5a2f4d70c5c9) Importer(815301076,1909f56bfc062723c751e8b465ee728b)  -> (artifact id: 'f7c1fc16b3f36d78ccd3a03510958828') in 0.060340 seconds
  Import took 0.105262 seconds .

========================================================================
Received Prepare
Registering precompiled user dll's ...
Registered in 0.001706 seconds.
Begin MonoManager ReloadAssembly
Native extension for WindowsStandalone target not found
Refreshing native plugins compatible for Editor in 0.90 ms, found 0 plugins.
Preloading 0 native plugins for Editor in 0.00 ms.
Invoked RoslynAnalysisRunner static constructor.
RoslynAnalysisRunner will not be running.
RoslynAnalysisRunner has terminated.
Mono: successfully reloaded assembly
- Completed reload, in  1.699 seconds
Platform modules already initialized, skipping
Shader 'Universal Render Pipeline/Particles/Lit': fallback shader 'Universal Render Pipeline/Particles/SimpleLit' not found
Refreshing native plugins compatible for Editor in 0.82 ms, found 0 plugins.
Preloading 0 native plugins for Editor in 0.00 ms.
Unloading 2831 Unused Serialized files (Serialized files now loaded: 0)
System memory in use before: 127.2 MB.
System memory in use after: 127.5 MB.

Unloading 6 unused Assets to reduce memory usage. Loaded Objects now: 3394.
Total: 4.452000 ms (FindLiveObjects: 0.487600 ms CreateObjectMapping: 0.330200 ms MarkObjects: 3.604700 ms  DeleteObjects: 0.027300 ms)

========================================================================
Received Prepare
Registering precompiled user dll's ...
Registered in 0.002207 seconds.
Begin MonoManager ReloadAssembly
Native extension for WindowsStandalone target not found
Refreshing native plugins compatible for Editor in 0.66 ms, found 0 plugins.
Preloading 0 native plugins for Editor in 0.00 ms.
Invoked RoslynAnalysisRunner static constructor.
RoslynAnalysisRunner will not be running.
RoslynAnalysisRunner has terminated.
Mono: successfully reloaded assembly
- Completed reload, in  1.159 seconds
Platform modules already initialized, skipping
Shader 'Universal Render Pipeline/Particles/Lit': fallback shader 'Universal Render Pipeline/Particles/SimpleLit' not found
Refreshing native plugins compatible for Editor in 0.68 ms, found 0 plugins.
Preloading 0 native plugins for Editor in 0.00 ms.
Unloading 2831 Unused Serialized files (Serialized files now loaded: 0)
System memory in use before: 128.2 MB.
System memory in use after: 128.5 MB.

Unloading 6 unused Assets to reduce memory usage. Loaded Objects now: 3396.
Total: 2.873200 ms (FindLiveObjects: 0.296200 ms CreateObjectMapping: 0.160000 ms MarkObjects: 2.398900 ms  DeleteObjects: 0.017200 ms)

========================================================================
Received Prepare
Registering precompiled user dll's ...
Registered in 0.001285 seconds.
Begin MonoManager ReloadAssembly
Native extension for WindowsStandalone target not found
Refreshing native plugins compatible for Editor in 0.79 ms, found 0 plugins.
Preloading 0 native plugins for Editor in 0.00 ms.
Invoked RoslynAnalysisRunner static constructor.
RoslynAnalysisRunner will not be running.
RoslynAnalysisRunner has terminated.
Mono: successfully reloaded assembly
- Completed reload, in  1.101 seconds
Platform modules already initialized, skipping
Shader 'Universal Render Pipeline/Particles/Lit': fallback shader 'Universal Render Pipeline/Particles/SimpleLit' not found
Refreshing native plugins compatible for Editor in 0.61 ms, found 0 plugins.
Preloading 0 native plugins for Editor in 0.00 ms.
Unloading 2831 Unused Serialized files (Serialized files now loaded: 0)
System memory in use before: 128.3 MB.
System memory in use after: 128.5 MB.

Unloading 6 unused Assets to reduce memory usage. Loaded Objects now: 3398.
Total: 2.655200 ms (FindLiveObjects: 0.279000 ms CreateObjectMapping: 0.137400 ms MarkObjects: 2.197700 ms  DeleteObjects: 0.039900 ms)

========================================================================
Received Prepare
Registering precompiled user dll's ...
Registered in 0.001599 seconds.
Begin MonoManager ReloadAssembly
Native extension for WindowsStandalone target not found
Refreshing native plugins compatible for Editor in 0.60 ms, found 0 plugins.
Preloading 0 native plugins for Editor in 0.00 ms.
Invoked RoslynAnalysisRunner static constructor.
RoslynAnalysisRunner will not be running.
RoslynAnalysisRunner has terminated.
Mono: successfully reloaded assembly
- Completed reload, in  1.020 seconds
Platform modules already initialized, skipping
Shader 'Universal Render Pipeline/Particles/Lit': fallback shader 'Universal Render Pipeline/Particles/SimpleLit' not found
Refreshing native plugins compatible for Editor in 0.63 ms, found 0 plugins.
Preloading 0 native plugins for Editor in 0.00 ms.
Unloading 2831 Unused Serialized files (Serialized files now loaded: 0)
System memory in use before: 128.2 MB.
System memory in use after: 128.4 MB.

Unloading 6 unused Assets to reduce memory usage. Loaded Objects now: 3400.
Total: 2.962600 ms (FindLiveObjects: 0.334600 ms CreateObjectMapping: 0.262400 ms MarkObjects: 2.335300 ms  DeleteObjects: 0.029200 ms)

========================================================================
Received Import Request.
  Time since last request: 4020.675296 seconds.
  path: Assets/Weapons/GreatSword
  artifactKey: Guid(e9709b34172e0c74194fb1b9bfb10258) Importer(815301076,1909f56bfc062723c751e8b465ee728b)
Start importing Assets/Weapons/GreatSword using Guid(e9709b34172e0c74194fb1b9bfb10258) Importer(815301076,1909f56bfc062723c751e8b465ee728b)  -> (artifact id: '330d7386e43d5a5f2839bc52d53af3e3') in 0.010461 seconds
  Import took 0.032339 seconds .

========================================================================
Received Import Request.
  Time since last request: 0.022034 seconds.
  path: Assets/Weapons/GreatSword
  artifactKey: Guid(e9709b34172e0c74194fb1b9bfb10258) Importer(815301076,1909f56bfc062723c751e8b465ee728b)
Start importing Assets/Weapons/GreatSword using Guid(e9709b34172e0c74194fb1b9bfb10258) Importer(815301076,1909f56bfc062723c751e8b465ee728b)  -> (artifact id: '330d7386e43d5a5f2839bc52d53af3e3') in 0.001811 seconds
  Import took 0.007523 seconds .

========================================================================
Received Import Request.
  Time since last request: 23.040245 seconds.
  path: Assets/Weapons/ShortBroadSword/RegularAttack/SO_AttackFX_ShortBroadSword01.asset
  artifactKey: Guid(c20a8cf01f4a6fe4bad2ca479168ff23) Importer(815301076,1909f56bfc062723c751e8b465ee728b)
Start importing Assets/Weapons/ShortBroadSword/RegularAttack/SO_AttackFX_ShortBroadSword01.asset using Guid(c20a8cf01f4a6fe4bad2ca479168ff23) Importer(815301076,1909f56bfc062723c751e8b465ee728b)  -> (artifact id: '6cd6a06e4df3d47453df668b84104a6c') in 0.023893 seconds
  Import took 0.046474 seconds .

========================================================================
Received Import Request.
  Time since last request: 0.000273 seconds.
  path: Assets/Weapons/ShortBroadSword/RegularAttack/SO_Weapon_Motion_Slash_ShortBroadSword01.asset
  artifactKey: Guid(2f59c7d987f9ce1459ac5a2f4d70c5c9) Importer(815301076,1909f56bfc062723c751e8b465ee728b)
Start importing Assets/Weapons/ShortBroadSword/RegularAttack/SO_Weapon_Motion_Slash_ShortBroadSword01.asset using Guid(2f59c7d987f9ce1459ac5a2f4d70c5c9) Importer(815301076,1909f56bfc062723c751e8b465ee728b)  -> (artifact id: 'ded3517d93542f1e386acae346d48687') in 0.007521 seconds
  Import took 0.022119 seconds .

========================================================================
Received Import Request.
  Time since last request: 4.226515 seconds.
  path: Assets/Weapons/GreatSword/AttackCollisions 1
  artifactKey: Guid(9a44bf49e779c7749bcabd651ebba6d1) Importer(815301076,1909f56bfc062723c751e8b465ee728b)
Start importing Assets/Weapons/GreatSword/AttackCollisions 1 using Guid(9a44bf49e779c7749bcabd651ebba6d1) Importer(815301076,1909f56bfc062723c751e8b465ee728b)  -> (artifact id: '7619b25b27979ef98154fd5221a9855e') in 0.034626 seconds
  Import took 0.056604 seconds .

========================================================================
Received Import Request.
  Time since last request: 2.262756 seconds.
  path: Assets/Weapons/GreatSword/AttackCollisions
  artifactKey: Guid(9a44bf49e779c7749bcabd651ebba6d1) Importer(815301076,1909f56bfc062723c751e8b465ee728b)
Start importing Assets/Weapons/GreatSword/AttackCollisions using Guid(9a44bf49e779c7749bcabd651ebba6d1) Importer(815301076,1909f56bfc062723c751e8b465ee728b)  -> (artifact id: 'd51f0d2e990fb69802455cbf93326ec1') in 0.022544 seconds
  Import took 0.027937 seconds .

========================================================================
Received Import Request.
  Time since last request: 0.483154 seconds.
  path: Assets/Weapons/GreatSword/AttackFXs 1
  artifactKey: Guid(38bf164cc58d5454c9ba1041ea854660) Importer(815301076,1909f56bfc062723c751e8b465ee728b)
Start importing Assets/Weapons/GreatSword/AttackFXs 1 using Guid(38bf164cc58d5454c9ba1041ea854660) Importer(815301076,1909f56bfc062723c751e8b465ee728b)  -> (artifact id: '08576c4299e7d9237a0971088a5132d0') in 0.007852 seconds
  Import took 0.045701 seconds .

========================================================================
Received Import Request.
  Time since last request: 2.121171 seconds.
  path: Assets/Weapons/GreatSword/AttackFXs
  artifactKey: Guid(38bf164cc58d5454c9ba1041ea854660) Importer(815301076,1909f56bfc062723c751e8b465ee728b)
Start importing Assets/Weapons/GreatSword/AttackFXs using Guid(38bf164cc58d5454c9ba1041ea854660) Importer(815301076,1909f56bfc062723c751e8b465ee728b)  -> (artifact id: '760cf84ca9f61e83e857cc10ee1da4a6') in 0.007260 seconds
  Import took 0.016781 seconds .

========================================================================
Received Import Request.
  Time since last request: 0.540423 seconds.
  path: Assets/Weapons/GreatSword/RegularAttack 1
  artifactKey: Guid(ec6f00fbc0dcf724fb3d5c7e6a397804) Importer(815301076,1909f56bfc062723c751e8b465ee728b)
Start importing Assets/Weapons/GreatSword/RegularAttack 1 using Guid(ec6f00fbc0dcf724fb3d5c7e6a397804) Importer(815301076,1909f56bfc062723c751e8b465ee728b)  -> (artifact id: '611ff6d9047c505b1e0aad44d6ab5928') in 0.006831 seconds
  Import took 0.039067 seconds .

========================================================================
Received Import Request.
  Time since last request: 0.002223 seconds.
  path: Assets/Weapons/GreatSword/RegularAttack 1
  artifactKey: Guid(ec6f00fbc0dcf724fb3d5c7e6a397804) Importer(815301076,1909f56bfc062723c751e8b465ee728b)
Start importing Assets/Weapons/GreatSword/RegularAttack 1 using Guid(ec6f00fbc0dcf724fb3d5c7e6a397804) Importer(815301076,1909f56bfc062723c751e8b465ee728b)  -> (artifact id: '611ff6d9047c505b1e0aad44d6ab5928') in 0.013266 seconds
  Import took 0.018929 seconds .

========================================================================
Received Import Request.
  Time since last request: 7.086988 seconds.
  path: Assets/Weapons/GreatSword/RegularAttack
  artifactKey: Guid(ec6f00fbc0dcf724fb3d5c7e6a397804) Importer(815301076,1909f56bfc062723c751e8b465ee728b)
Start importing Assets/Weapons/GreatSword/RegularAttack using Guid(ec6f00fbc0dcf724fb3d5c7e6a397804) Importer(815301076,1909f56bfc062723c751e8b465ee728b)  -> (artifact id: '154fa62d4fbf11634eb3429e01abdf95') in 0.007966 seconds
  Import took 0.043769 seconds .

========================================================================
Received Import Request.
  Time since last request: 0.387361 seconds.
  path: Assets/Weapons/GreatSword/SpecialAttack 1
  artifactKey: Guid(7cb54a7dfcf45094b899c155309725c1) Importer(815301076,1909f56bfc062723c751e8b465ee728b)
Start importing Assets/Weapons/GreatSword/SpecialAttack 1 using Guid(7cb54a7dfcf45094b899c155309725c1) Importer(815301076,1909f56bfc062723c751e8b465ee728b)  -> (artifact id: 'd21a1722795e066677f5586b6e215a18') in 0.008008 seconds
  Import took 0.037506 seconds .

========================================================================
Received Import Request.
  Time since last request: 0.003355 seconds.
  path: Assets/Weapons/GreatSword/SpecialAttack 1
  artifactKey: Guid(7cb54a7dfcf45094b899c155309725c1) Importer(815301076,1909f56bfc062723c751e8b465ee728b)
Start importing Assets/Weapons/GreatSword/SpecialAttack 1 using Guid(7cb54a7dfcf45094b899c155309725c1) Importer(815301076,1909f56bfc062723c751e8b465ee728b)  -> (artifact id: 'd21a1722795e066677f5586b6e215a18') in 0.002238 seconds
  Import took 0.007614 seconds .

========================================================================
Received Import Request.
  Time since last request: 2.580200 seconds.
  path: Assets/Weapons/GreatSword/SpecialAttack
  artifactKey: Guid(7cb54a7dfcf45094b899c155309725c1) Importer(815301076,1909f56bfc062723c751e8b465ee728b)
Start importing Assets/Weapons/GreatSword/SpecialAttack using Guid(7cb54a7dfcf45094b899c155309725c1) Importer(815301076,1909f56bfc062723c751e8b465ee728b)  -> (artifact id: '7262f2cfdf890a4a36d0dd6ff534e836') in 0.034354 seconds
  Import took 0.040612 seconds .

========================================================================
Received Import Request.
  Time since last request: 0.422800 seconds.
  path: Assets/Weapons/GreatSword/Sprites 1
  artifactKey: Guid(e96064402d71a8a499bfcd4d0a3bf324) Importer(815301076,1909f56bfc062723c751e8b465ee728b)
Start importing Assets/Weapons/GreatSword/Sprites 1 using Guid(e96064402d71a8a499bfcd4d0a3bf324) Importer(815301076,1909f56bfc062723c751e8b465ee728b)  -> (artifact id: '0bbe11ad50736081b821d9537eb5748e') in 0.007181 seconds
  Import took 0.039786 seconds .

========================================================================
Received Import Request.
  Time since last request: 0.001362 seconds.
  path: Assets/Weapons/GreatSword/Sprites 1
  artifactKey: Guid(e96064402d71a8a499bfcd4d0a3bf324) Importer(815301076,1909f56bfc062723c751e8b465ee728b)
Start importing Assets/Weapons/GreatSword/Sprites 1 using Guid(e96064402d71a8a499bfcd4d0a3bf324) Importer(815301076,1909f56bfc062723c751e8b465ee728b)  -> (artifact id: '0bbe11ad50736081b821d9537eb5748e') in 0.001742 seconds
  Import took 0.011232 seconds .

========================================================================
Received Import Request.
  Time since last request: 2.082255 seconds.
  path: Assets/Weapons/GreatSword/Sprites
  artifactKey: Guid(e96064402d71a8a499bfcd4d0a3bf324) Importer(815301076,1909f56bfc062723c751e8b465ee728b)
Start importing Assets/Weapons/GreatSword/Sprites using Guid(e96064402d71a8a499bfcd4d0a3bf324) Importer(815301076,1909f56bfc062723c751e8b465ee728b)  -> (artifact id: '178a241cd26e90bbaabd3e1800060887') in 0.006502 seconds
  Import took 0.022694 seconds .

========================================================================
Received Import Request.
  Time since last request: 0.584504 seconds.
  path: Assets/Weapons/GreatSword/Main_NimbleSpear 1.asset
  artifactKey: Guid(5edbd36ff081e7e4c8e48acb79a613dc) Importer(815301076,1909f56bfc062723c751e8b465ee728b)
Start importing Assets/Weapons/GreatSword/Main_NimbleSpear 1.asset using Guid(5edbd36ff081e7e4c8e48acb79a613dc) Importer(815301076,1909f56bfc062723c751e8b465ee728b)  -> (artifact id: '12572daa6d278758d7997c9fe783c479') in 0.016988 seconds
  Import took 0.022817 seconds .

========================================================================
Received Import Request.
  Time since last request: 2.133214 seconds.
  path: Assets/Weapons/GreatSword/Main_NimbleSpear.asset
  artifactKey: Guid(5edbd36ff081e7e4c8e48acb79a613dc) Importer(815301076,1909f56bfc062723c751e8b465ee728b)
Start importing Assets/Weapons/GreatSword/Main_NimbleSpear.asset using Guid(5edbd36ff081e7e4c8e48acb79a613dc) Importer(815301076,1909f56bfc062723c751e8b465ee728b)  -> (artifact id: 'b29d28b012df7928edff8c92161e20e3') in 0.013653 seconds
  Import took 0.031461 seconds .

========================================================================
Received Import Request.
  Time since last request: 0.519274 seconds.
  path: Assets/Weapons/GreatSword/Main_NimbleSpear_2AttacksVersion 1.asset
  artifactKey: Guid(13c90e40e650aaf4d9ef10f44015c04c) Importer(815301076,1909f56bfc062723c751e8b465ee728b)
Start importing Assets/Weapons/GreatSword/Main_NimbleSpear_2AttacksVersion 1.asset using Guid(13c90e40e650aaf4d9ef10f44015c04c) Importer(815301076,1909f56bfc062723c751e8b465ee728b)  -> (artifact id: 'ecf77fa1fc3d300d0b8b80cce0edeffb') in 0.012151 seconds
  Import took 0.035081 seconds .

========================================================================
Received Import Request.
  Time since last request: 0.015404 seconds.
  path: Assets/Weapons/GreatSword/Main_NimbleSpear_2AttacksVersion 1.asset
  artifactKey: Guid(13c90e40e650aaf4d9ef10f44015c04c) Importer(815301076,1909f56bfc062723c751e8b465ee728b)
Start importing Assets/Weapons/GreatSword/Main_NimbleSpear_2AttacksVersion 1.asset using Guid(13c90e40e650aaf4d9ef10f44015c04c) Importer(815301076,1909f56bfc062723c751e8b465ee728b)  -> (artifact id: 'ecf77fa1fc3d300d0b8b80cce0edeffb') in 0.008711 seconds
  Import took 0.014131 seconds .

========================================================================
Received Import Request.
  Time since last request: 2.369999 seconds.
  path: Assets/Weapons/GreatSword/Main_NimbleSpear_2AttacksVersion.asset
  artifactKey: Guid(13c90e40e650aaf4d9ef10f44015c04c) Importer(815301076,1909f56bfc062723c751e8b465ee728b)
Start importing Assets/Weapons/GreatSword/Main_NimbleSpear_2AttacksVersion.asset using Guid(13c90e40e650aaf4d9ef10f44015c04c) Importer(815301076,1909f56bfc062723c751e8b465ee728b)  -> (artifact id: '3299a1654674b3d6cac35df1e3b3c493') in 0.013376 seconds
  Import took 0.039010 seconds .

========================================================================
Received Import Request.
  Time since last request: 0.424657 seconds.
  path: Assets/Weapons/GreatSword/SO_Weapon_Main 1.asset
  artifactKey: Guid(9c238210711b64245910f7bc5c82a50d) Importer(815301076,1909f56bfc062723c751e8b465ee728b)
Start importing Assets/Weapons/GreatSword/SO_Weapon_Main 1.asset using Guid(9c238210711b64245910f7bc5c82a50d) Importer(815301076,1909f56bfc062723c751e8b465ee728b)  -> (artifact id: '9da7a0dfcb390d66654a0301e6466362') in 0.010452 seconds
  Import took 0.016308 seconds .

========================================================================
Received Import Request.
  Time since last request: 3.561467 seconds.
  path: Assets/Weapons/GreatSword/SO_Weapon_Main.asset
  artifactKey: Guid(9c238210711b64245910f7bc5c82a50d) Importer(815301076,1909f56bfc062723c751e8b465ee728b)
Start importing Assets/Weapons/GreatSword/SO_Weapon_Main.asset using Guid(9c238210711b64245910f7bc5c82a50d) Importer(815301076,1909f56bfc062723c751e8b465ee728b)  -> (artifact id: '0550fd38d2cd3690047aaf295207da3e') in 0.006911 seconds
  Import took 0.012306 seconds .

========================================================================
Received Import Request.
  Time since last request: 0.561939 seconds.
  path: Assets/Weapons/GreatSword/WeaponDrop - NimbleSpear 1.prefab
  artifactKey: Guid(c2601a2053160db4ebc4189724140ad0) Importer(815301076,1909f56bfc062723c751e8b465ee728b)
Start importing Assets/Weapons/GreatSword/WeaponDrop - NimbleSpear 1.prefab using Guid(c2601a2053160db4ebc4189724140ad0) Importer(815301076,1909f56bfc062723c751e8b465ee728b)  -> (artifact id: 'ff59bca76c3738f53a70eabd0d76d0cf') in 0.239747 seconds
  Import took 0.265528 seconds .

========================================================================
Received Import Request.
  Time since last request: 2.075273 seconds.
  path: Assets/Weapons/GreatSword/WeaponDrop - NimbleSpear.prefab
  artifactKey: Guid(c2601a2053160db4ebc4189724140ad0) Importer(815301076,1909f56bfc062723c751e8b465ee728b)
Start importing Assets/Weapons/GreatSword/WeaponDrop - NimbleSpear.prefab using Guid(c2601a2053160db4ebc4189724140ad0) Importer(815301076,1909f56bfc062723c751e8b465ee728b)  -> (artifact id: 'e07f6fe24499eaed709667934e4f1c15') in 0.019337 seconds
  Import took 0.049667 seconds .

========================================================================
Received Import Request.
  Time since last request: 6.038699 seconds.
  path: Assets/Weapons/GreatSword/WeaponDrop - GreatSword.prefab
  artifactKey: Guid(c2601a2053160db4ebc4189724140ad0) Importer(815301076,1909f56bfc062723c751e8b465ee728b)
Start importing Assets/Weapons/GreatSword/WeaponDrop - GreatSword.prefab using Guid(c2601a2053160db4ebc4189724140ad0) Importer(815301076,1909f56bfc062723c751e8b465ee728b)  -> (artifact id: 'd8480392879bc39994ae13973c3165e6') in 0.019336 seconds
  Import took 0.036217 seconds .

========================================================================
Received Import Request.
  Time since last request: 18.773728 seconds.
  path: Assets/Weapons/GreatSword/Sprites/GreatSword.png
  artifactKey: Guid(6ad27c3826e8f1343b595616cf6d50c5) Importer(815301076,1909f56bfc062723c751e8b465ee728b)
Start importing Assets/Weapons/GreatSword/Sprites/GreatSword.png using Guid(6ad27c3826e8f1343b595616cf6d50c5) Importer(815301076,1909f56bfc062723c751e8b465ee728b)  -> (artifact id: '7640889c7896734143253856b309be81') in 0.087691 seconds
  Import took 0.098373 seconds .

========================================================================
Received Import Request.
  Time since last request: 15.155581 seconds.
  path: Assets/Weapons/GreatSword/Sprites/NimbleSpear.png
  artifactKey: Guid(8b99916429310e547a25c4c161ae0c67) Importer(815301076,1909f56bfc062723c751e8b465ee728b)
Start importing Assets/Weapons/GreatSword/Sprites/NimbleSpear.png using Guid(8b99916429310e547a25c4c161ae0c67) Importer(815301076,1909f56bfc062723c751e8b465ee728b)  -> (artifact id: 'cd780576904ea698786b7a272a2aa2c6') in 0.019157 seconds
  Import took 0.024749 seconds .

========================================================================
Received Import Request.
  Time since last request: 0.022555 seconds.
  path: Assets/Weapons/GreatSword/Sprites/NimbleSpear.png
  artifactKey: Guid(8b99916429310e547a25c4c161ae0c67) Importer(815301076,1909f56bfc062723c751e8b465ee728b)
Start importing Assets/Weapons/GreatSword/Sprites/NimbleSpear.png using Guid(8b99916429310e547a25c4c161ae0c67) Importer(815301076,1909f56bfc062723c751e8b465ee728b)  -> (artifact id: 'cd780576904ea698786b7a272a2aa2c6') in 0.037432 seconds
  Import took 0.043312 seconds .

========================================================================
Received Import Request.
  Time since last request: 14.742334 seconds.
  path: Assets/Weapons/GreatSword/Sprites/GreatSword.png
  artifactKey: Guid(6ad27c3826e8f1343b595616cf6d50c5) Importer(815301076,1909f56bfc062723c751e8b465ee728b)
Start importing Assets/Weapons/GreatSword/Sprites/GreatSword.png using Guid(6ad27c3826e8f1343b595616cf6d50c5) Importer(815301076,1909f56bfc062723c751e8b465ee728b)  -> (artifact id: 'a43f7fc0abad3f3775826cddbe30be85') in 0.006379 seconds
  Import took 0.011954 seconds .

========================================================================
Received Import Request.
  Time since last request: 86.129935 seconds.
  path: Assets/Weapons/GreatSword/Main_GreatSword.asset
  artifactKey: Guid(5edbd36ff081e7e4c8e48acb79a613dc) Importer(815301076,1909f56bfc062723c751e8b465ee728b)
Start importing Assets/Weapons/GreatSword/Main_GreatSword.asset using Guid(5edbd36ff081e7e4c8e48acb79a613dc) Importer(815301076,1909f56bfc062723c751e8b465ee728b)  -> (artifact id: 'cf84ffe0c2694a8bc9552879fa0fabfe') in 0.013081 seconds
  Import took 0.031447 seconds .

========================================================================
Received Import Request.
  Time since last request: 0.000721 seconds.
  path: Assets/Weapons/GreatSword/Main_GreatSword.asset
  artifactKey: Guid(5edbd36ff081e7e4c8e48acb79a613dc) Importer(815301076,1909f56bfc062723c751e8b465ee728b)
Start importing Assets/Weapons/GreatSword/Main_GreatSword.asset using Guid(5edbd36ff081e7e4c8e48acb79a613dc) Importer(815301076,1909f56bfc062723c751e8b465ee728b)  -> (artifact id: 'cf84ffe0c2694a8bc9552879fa0fabfe') in 0.008063 seconds
  Import took 0.018507 seconds .

========================================================================
Received Prepare
Registering precompiled user dll's ...
Registered in 0.001684 seconds.
Begin MonoManager ReloadAssembly
Native extension for WindowsStandalone target not found
Refreshing native plugins compatible for Editor in 0.73 ms, found 0 plugins.
Preloading 0 native plugins for Editor in 0.00 ms.
Invoked RoslynAnalysisRunner static constructor.
RoslynAnalysisRunner will not be running.
RoslynAnalysisRunner has terminated.
Mono: successfully reloaded assembly
- Completed reload, in  1.181 seconds
Platform modules already initialized, skipping
Shader 'Universal Render Pipeline/Particles/Lit': fallback shader 'Universal Render Pipeline/Particles/SimpleLit' not found
Refreshing native plugins compatible for Editor in 0.78 ms, found 0 plugins.
Preloading 0 native plugins for Editor in 0.00 ms.
Unloading 2831 Unused Serialized files (Serialized files now loaded: 0)
System memory in use before: 133.5 MB.
System memory in use after: 133.7 MB.

Unloading 6 unused Assets to reduce memory usage. Loaded Objects now: 3452.
Total: 2.909200 ms (FindLiveObjects: 0.323200 ms CreateObjectMapping: 0.151300 ms MarkObjects: 2.413600 ms  DeleteObjects: 0.020100 ms)

========================================================================
Received Import Request.
  Time since last request: 162.295919 seconds.
  path: Assets/Weapons/GreatSword/SO_Weapon_Main.asset
  artifactKey: Guid(9c238210711b64245910f7bc5c82a50d) Importer(815301076,1909f56bfc062723c751e8b465ee728b)
Start importing Assets/Weapons/GreatSword/SO_Weapon_Main.asset using Guid(9c238210711b64245910f7bc5c82a50d) Importer(815301076,1909f56bfc062723c751e8b465ee728b)  -> (artifact id: '4758f198c2e4fcb456306ef522a95529') in 0.019055 seconds
  Import took 0.055088 seconds .

========================================================================
Received Import Request.
  Time since last request: 22.553615 seconds.
  path: Assets/Weapons/GreatSword/WeaponDrop - GreatSword.prefab
  artifactKey: Guid(c2601a2053160db4ebc4189724140ad0) Importer(815301076,1909f56bfc062723c751e8b465ee728b)
Start importing Assets/Weapons/GreatSword/WeaponDrop - GreatSword.prefab using Guid(c2601a2053160db4ebc4189724140ad0) Importer(815301076,1909f56bfc062723c751e8b465ee728b)  -> (artifact id: '4b26b9ce487d2ded496ab73cac6744f1') in 0.163346 seconds
  Import took 0.191940 seconds .

========================================================================
Received Import Request.
  Time since last request: 13.997145 seconds.
  path: Assets/Weapons/GreatSword/Main_GreatSword.asset
  artifactKey: Guid(5edbd36ff081e7e4c8e48acb79a613dc) Importer(815301076,1909f56bfc062723c751e8b465ee728b)
Start importing Assets/Weapons/GreatSword/Main_GreatSword.asset using Guid(5edbd36ff081e7e4c8e48acb79a613dc) Importer(815301076,1909f56bfc062723c751e8b465ee728b)  -> (artifact id: 'aa6ac30ba9f86dbb9ab45930bad0990f') in 0.007646 seconds
  Import took 0.013399 seconds .

========================================================================
Received Import Request.
  Time since last request: 14.228617 seconds.
  path: Assets/Weapons/GreatSword/Main_GreatSword.asset
  artifactKey: Guid(5edbd36ff081e7e4c8e48acb79a613dc) Importer(815301076,1909f56bfc062723c751e8b465ee728b)
Start importing Assets/Weapons/GreatSword/Main_GreatSword.asset using Guid(5edbd36ff081e7e4c8e48acb79a613dc) Importer(815301076,1909f56bfc062723c751e8b465ee728b)  -> (artifact id: '1e7fdf350145a9079deadeb1f901c84e') in 0.006577 seconds
  Import took 0.029472 seconds .

========================================================================
Received Import Request.
  Time since last request: 79.991359 seconds.
  path: Assets/Weapons/NimbleSpear/Main_NimbleSpear_2AttacksVersion.asset
  artifactKey: Guid(a1e0561a47e1b7049a331dc1fff01bbd) Importer(815301076,1909f56bfc062723c751e8b465ee728b)
Start importing Assets/Weapons/NimbleSpear/Main_NimbleSpear_2AttacksVersion.asset using Guid(a1e0561a47e1b7049a331dc1fff01bbd) Importer(815301076,1909f56bfc062723c751e8b465ee728b)  -> (artifact id: '4d8e9b5cda6761e1b15f654dec40458a') in 0.016014 seconds
  Import took 0.038768 seconds .

========================================================================
Received Import Request.
  Time since last request: 0.026956 seconds.
  path: Assets/Weapons/NimbleSpear/Main_NimbleSpear_2AttacksVersion.asset
  artifactKey: Guid(a1e0561a47e1b7049a331dc1fff01bbd) Importer(815301076,1909f56bfc062723c751e8b465ee728b)
Start importing Assets/Weapons/NimbleSpear/Main_NimbleSpear_2AttacksVersion.asset using Guid(a1e0561a47e1b7049a331dc1fff01bbd) Importer(815301076,1909f56bfc062723c751e8b465ee728b)  -> (artifact id: '4d8e9b5cda6761e1b15f654dec40458a') in 0.010205 seconds
  Import took 0.017899 seconds .

========================================================================
Received Prepare
Registering precompiled user dll's ...
Registered in 0.001624 seconds.
Begin MonoManager ReloadAssembly
Native extension for WindowsStandalone target not found
Refreshing native plugins compatible for Editor in 0.71 ms, found 0 plugins.
Preloading 0 native plugins for Editor in 0.00 ms.
Invoked RoslynAnalysisRunner static constructor.
RoslynAnalysisRunner will not be running.
RoslynAnalysisRunner has terminated.
Mono: successfully reloaded assembly
- Completed reload, in  1.396 seconds
Platform modules already initialized, skipping
Shader 'Universal Render Pipeline/Particles/Lit': fallback shader 'Universal Render Pipeline/Particles/SimpleLit' not found
Refreshing native plugins compatible for Editor in 0.72 ms, found 0 plugins.
Preloading 0 native plugins for Editor in 0.00 ms.
Unloading 2831 Unused Serialized files (Serialized files now loaded: 0)
System memory in use before: 133.6 MB.
System memory in use after: 133.8 MB.

Unloading 6 unused Assets to reduce memory usage. Loaded Objects now: 3490.
Total: 3.617300 ms (FindLiveObjects: 0.419100 ms CreateObjectMapping: 0.320600 ms MarkObjects: 2.857500 ms  DeleteObjects: 0.018700 ms)

========================================================================
Received Prepare
Registering precompiled user dll's ...
Registered in 0.001288 seconds.
Begin MonoManager ReloadAssembly
Native extension for WindowsStandalone target not found
Refreshing native plugins compatible for Editor in 0.65 ms, found 0 plugins.
Preloading 0 native plugins for Editor in 0.00 ms.
Invoked RoslynAnalysisRunner static constructor.
RoslynAnalysisRunner will not be running.
RoslynAnalysisRunner has terminated.
Mono: successfully reloaded assembly
- Completed reload, in  1.091 seconds
Platform modules already initialized, skipping
Shader 'Universal Render Pipeline/Particles/Lit': fallback shader 'Universal Render Pipeline/Particles/SimpleLit' not found
Refreshing native plugins compatible for Editor in 0.64 ms, found 0 plugins.
Preloading 0 native plugins for Editor in 0.00 ms.
Unloading 2831 Unused Serialized files (Serialized files now loaded: 0)
System memory in use before: 133.7 MB.
System memory in use after: 133.9 MB.

Unloading 6 unused Assets to reduce memory usage. Loaded Objects now: 3492.
Total: 3.172700 ms (FindLiveObjects: 0.302000 ms CreateObjectMapping: 0.136000 ms MarkObjects: 2.708100 ms  DeleteObjects: 0.016000 ms)

========================================================================
Received Import Request.
  Time since last request: 4379.656579 seconds.
  path: Assets/Weapons/GreatSword/AttackFXs/NimbleSpear_AtkFX_01.png
  artifactKey: Guid(7d09d3545a5c535469615b49392d9a44) Importer(815301076,1909f56bfc062723c751e8b465ee728b)
Start importing Assets/Weapons/GreatSword/AttackFXs/NimbleSpear_AtkFX_01.png using Guid(7d09d3545a5c535469615b49392d9a44) Importer(815301076,1909f56bfc062723c751e8b465ee728b)  -> (artifact id: '9d8afa047a2535b76ceea0f239725420') in 0.126890 seconds
  Import took 0.141705 seconds .

========================================================================
Received Import Request.
  Time since last request: 0.423887 seconds.
  path: Assets/Weapons/GreatSword/AttackFXs/GreatSword_AtkFX_01.png
  artifactKey: Guid(de97668720b6e96428defc200e5baedb) Importer(815301076,1909f56bfc062723c751e8b465ee728b)
Start importing Assets/Weapons/GreatSword/AttackFXs/GreatSword_AtkFX_01.png using Guid(de97668720b6e96428defc200e5baedb) Importer(815301076,1909f56bfc062723c751e8b465ee728b)  -> (artifact id: '1d462080d0522f2786ed81a71bbe7410') in 0.015205 seconds
  Import took 0.054933 seconds .

========================================================================
Received Import Request.
  Time since last request: 10.414818 seconds.
  path: Assets/Weapons/GreatSword/AttackFXs/GreatSword_AtkFX_01.png
  artifactKey: Guid(de97668720b6e96428defc200e5baedb) Importer(815301076,1909f56bfc062723c751e8b465ee728b)
Start importing Assets/Weapons/GreatSword/AttackFXs/GreatSword_AtkFX_01.png using Guid(de97668720b6e96428defc200e5baedb) Importer(815301076,1909f56bfc062723c751e8b465ee728b)  -> (artifact id: 'b1e133ccb5b8cbc49b1bf72fa16b96a4') in 0.089331 seconds
  Import took 0.116670 seconds .

========================================================================
Received Import Request.
  Time since last request: 27.065391 seconds.
  path: Assets/Weapons/GreatSword/AttackFXs/GreatSword_AtkFX_01.png
  artifactKey: Guid(de97668720b6e96428defc200e5baedb) Importer(815301076,1909f56bfc062723c751e8b465ee728b)
Start importing Assets/Weapons/GreatSword/AttackFXs/GreatSword_AtkFX_01.png using Guid(de97668720b6e96428defc200e5baedb) Importer(815301076,1909f56bfc062723c751e8b465ee728b)  -> (artifact id: '85eafc5974134db4ff5ede9f8d4def61') in 0.028160 seconds
  Import took 0.046470 seconds .

========================================================================
Received Import Request.
  Time since last request: 149.279254 seconds.
  path: Assets/Weapons/GreatSword/Main_GreatSword.asset
  artifactKey: Guid(5edbd36ff081e7e4c8e48acb79a613dc) Importer(815301076,1909f56bfc062723c751e8b465ee728b)
Start importing Assets/Weapons/GreatSword/Main_GreatSword.asset using Guid(5edbd36ff081e7e4c8e48acb79a613dc) Importer(815301076,1909f56bfc062723c751e8b465ee728b)  -> (artifact id: '7e9f275e1c7f69a82556b1a1dab9948b') in 0.019580 seconds
  Import took 0.064484 seconds .

========================================================================
Received Import Request.
  Time since last request: 19.085313 seconds.
  path: Assets/Weapons/GreatSword/RegularAttack/AttackFX_01_NimbleSpear.asset
  artifactKey: Guid(9181970129b08ab44afc9571275029b6) Importer(815301076,1909f56bfc062723c751e8b465ee728b)
Start importing Assets/Weapons/GreatSword/RegularAttack/AttackFX_01_NimbleSpear.asset using Guid(9181970129b08ab44afc9571275029b6) Importer(815301076,1909f56bfc062723c751e8b465ee728b)  -> (artifact id: 'a575f9b19696eefa891149f263bf0734') in 0.023149 seconds
  Import took 0.044825 seconds .

========================================================================
Received Import Request.
  Time since last request: 0.008393 seconds.
  path: Assets/Weapons/GreatSword/RegularAttack/AttackFX_01_NimbleSpear.asset
  artifactKey: Guid(9181970129b08ab44afc9571275029b6) Importer(815301076,1909f56bfc062723c751e8b465ee728b)
Start importing Assets/Weapons/GreatSword/RegularAttack/AttackFX_01_NimbleSpear.asset using Guid(9181970129b08ab44afc9571275029b6) Importer(815301076,1909f56bfc062723c751e8b465ee728b)  -> (artifact id: 'a575f9b19696eefa891149f263bf0734') in 0.004149 seconds
  Import took 0.011149 seconds .

========================================================================
Received Prepare
Registering precompiled user dll's ...
Registered in 0.002456 seconds.
Begin MonoManager ReloadAssembly
Native extension for WindowsStandalone target not found
Refreshing native plugins compatible for Editor in 1.39 ms, found 0 plugins.
Preloading 0 native plugins for Editor in 0.00 ms.
Invoked RoslynAnalysisRunner static constructor.
RoslynAnalysisRunner will not be running.
RoslynAnalysisRunner has terminated.
Mono: successfully reloaded assembly
- Completed reload, in  1.510 seconds
Platform modules already initialized, skipping
Shader 'Universal Render Pipeline/Particles/Lit': fallback shader 'Universal Render Pipeline/Particles/SimpleLit' not found
Refreshing native plugins compatible for Editor in 1.17 ms, found 0 plugins.
Preloading 0 native plugins for Editor in 0.00 ms.
Unloading 2831 Unused Serialized files (Serialized files now loaded: 0)
System memory in use before: 133.5 MB.
System memory in use after: 133.8 MB.

Unloading 6 unused Assets to reduce memory usage. Loaded Objects now: 3502.
Total: 3.954400 ms (FindLiveObjects: 0.558800 ms CreateObjectMapping: 0.209700 ms MarkObjects: 3.158500 ms  DeleteObjects: 0.025700 ms)

========================================================================
Received Prepare
Registering precompiled user dll's ...
Registered in 0.002141 seconds.
Begin MonoManager ReloadAssembly
Native extension for WindowsStandalone target not found
Refreshing native plugins compatible for Editor in 0.71 ms, found 0 plugins.
Preloading 0 native plugins for Editor in 0.00 ms.
Invoked RoslynAnalysisRunner static constructor.
RoslynAnalysisRunner will not be running.
RoslynAnalysisRunner has terminated.
Mono: successfully reloaded assembly
- Completed reload, in  1.660 seconds
Platform modules already initialized, skipping
Shader 'Universal Render Pipeline/Particles/Lit': fallback shader 'Universal Render Pipeline/Particles/SimpleLit' not found
Refreshing native plugins compatible for Editor in 0.97 ms, found 0 plugins.
Preloading 0 native plugins for Editor in 0.00 ms.
Unloading 2831 Unused Serialized files (Serialized files now loaded: 0)
System memory in use before: 133.7 MB.
System memory in use after: 133.9 MB.

Unloading 6 unused Assets to reduce memory usage. Loaded Objects now: 3504.
Total: 6.318600 ms (FindLiveObjects: 0.391000 ms CreateObjectMapping: 0.200900 ms MarkObjects: 5.693500 ms  DeleteObjects: 0.031100 ms)

========================================================================
Received Import Request.
  Time since last request: 163.654926 seconds.
  path: Assets/Weapons/GreatSword/RegularAttack/AttackFX_01_GreatSword.asset
  artifactKey: Guid(9181970129b08ab44afc9571275029b6) Importer(815301076,1909f56bfc062723c751e8b465ee728b)
Start importing Assets/Weapons/GreatSword/RegularAttack/AttackFX_01_GreatSword.asset using Guid(9181970129b08ab44afc9571275029b6) Importer(815301076,1909f56bfc062723c751e8b465ee728b)  -> (artifact id: 'e7c5874753bbaec30a4f1f10b1343fd1') in 0.026994 seconds
  Import took 0.056657 seconds .

========================================================================
Received Import Request.
  Time since last request: 46.919390 seconds.
  path: Assets/Weapons/GreatSword/RegularAttack/WeapMo_02_NimbleSpear.asset
  artifactKey: Guid(163499ce18303ca46b4a95ae794c5531) Importer(815301076,1909f56bfc062723c751e8b465ee728b)
Start importing Assets/Weapons/GreatSword/RegularAttack/WeapMo_02_NimbleSpear.asset using Guid(163499ce18303ca46b4a95ae794c5531) Importer(815301076,1909f56bfc062723c751e8b465ee728b)  -> (artifact id: 'e8d008db70d027a0825c8870931500a1') in 0.019242 seconds
  Import took 0.041367 seconds .

========================================================================
Received Import Request.
  Time since last request: 0.001018 seconds.
  path: Assets/Weapons/GreatSword/RegularAttack/WeapMo_02_NimbleSpear.asset
  artifactKey: Guid(163499ce18303ca46b4a95ae794c5531) Importer(815301076,1909f56bfc062723c751e8b465ee728b)
Start importing Assets/Weapons/GreatSword/RegularAttack/WeapMo_02_NimbleSpear.asset using Guid(163499ce18303ca46b4a95ae794c5531) Importer(815301076,1909f56bfc062723c751e8b465ee728b)  -> (artifact id: 'e8d008db70d027a0825c8870931500a1') in 0.002756 seconds
  Import took 0.008635 seconds .

========================================================================
Received Import Request.
  Time since last request: 2.838717 seconds.
  path: Assets/Weapons/GreatSword/RegularAttack/WeapMo_01_NimbleSpear.asset
  artifactKey: Guid(9efe35609ddf74a49aa137f4859f2be4) Importer(815301076,1909f56bfc062723c751e8b465ee728b)
Start importing Assets/Weapons/GreatSword/RegularAttack/WeapMo_01_NimbleSpear.asset using Guid(9efe35609ddf74a49aa137f4859f2be4) Importer(815301076,1909f56bfc062723c751e8b465ee728b)  -> (artifact id: '70810089a4084f89fa991cb6933c930a') in 0.017119 seconds
  Import took 0.047606 seconds .

========================================================================
Received Import Request.
  Time since last request: 0.002079 seconds.
  path: Assets/Weapons/GreatSword/RegularAttack/WeapMo_01_NimbleSpear.asset
  artifactKey: Guid(9efe35609ddf74a49aa137f4859f2be4) Importer(815301076,1909f56bfc062723c751e8b465ee728b)
Start importing Assets/Weapons/GreatSword/RegularAttack/WeapMo_01_NimbleSpear.asset using Guid(9efe35609ddf74a49aa137f4859f2be4) Importer(815301076,1909f56bfc062723c751e8b465ee728b)  -> (artifact id: '70810089a4084f89fa991cb6933c930a') in 0.003174 seconds
  Import took 0.019316 seconds .

========================================================================
Received Import Request.
  Time since last request: 0.848483 seconds.
  path: Assets/Weapons/GreatSword/RegularAttack/WeapMo_03_NimbleSpear.asset
  artifactKey: Guid(3ebc758add6074b47a995d41e932be36) Importer(815301076,1909f56bfc062723c751e8b465ee728b)
Start importing Assets/Weapons/GreatSword/RegularAttack/WeapMo_03_NimbleSpear.asset using Guid(3ebc758add6074b47a995d41e932be36) Importer(815301076,1909f56bfc062723c751e8b465ee728b)  -> (artifact id: '2dae470875975f245107e3684043db3e') in 0.023625 seconds
  Import took 0.049084 seconds .

========================================================================
Received Import Request.
  Time since last request: 0.000747 seconds.
  path: Assets/Weapons/GreatSword/RegularAttack/WeapMo_03_NimbleSpear.asset
  artifactKey: Guid(3ebc758add6074b47a995d41e932be36) Importer(815301076,1909f56bfc062723c751e8b465ee728b)
Start importing Assets/Weapons/GreatSword/RegularAttack/WeapMo_03_NimbleSpear.asset using Guid(3ebc758add6074b47a995d41e932be36) Importer(815301076,1909f56bfc062723c751e8b465ee728b)  -> (artifact id: '2dae470875975f245107e3684043db3e') in 0.002717 seconds
  Import took 0.008202 seconds .

========================================================================
Received Import Request.
  Time since last request: 9.834073 seconds.
  path: Assets/Weapons/GreatSword/RegularAttack/WeapMo_01_GreatSword.asset
  artifactKey: Guid(163499ce18303ca46b4a95ae794c5531) Importer(815301076,1909f56bfc062723c751e8b465ee728b)
Start importing Assets/Weapons/GreatSword/RegularAttack/WeapMo_01_GreatSword.asset using Guid(163499ce18303ca46b4a95ae794c5531) Importer(815301076,1909f56bfc062723c751e8b465ee728b)  -> (artifact id: '378f0d52250494c5cc07b7fd843d712d') in 0.008426 seconds
  Import took 0.027450 seconds .

========================================================================
Received Import Request.
  Time since last request: 0.008800 seconds.
  path: Assets/Weapons/GreatSword/RegularAttack/WeapMo_01_GreatSword.asset
  artifactKey: Guid(163499ce18303ca46b4a95ae794c5531) Importer(815301076,1909f56bfc062723c751e8b465ee728b)
Start importing Assets/Weapons/GreatSword/RegularAttack/WeapMo_01_GreatSword.asset using Guid(163499ce18303ca46b4a95ae794c5531) Importer(815301076,1909f56bfc062723c751e8b465ee728b)  -> (artifact id: '378f0d52250494c5cc07b7fd843d712d') in 0.002613 seconds
  Import took 0.008284 seconds .

========================================================================
Received Import Request.
  Time since last request: 0.990417 seconds.
  path: Assets/Weapons/GreatSword/RegularAttack/CharMo_01_NimbleSpear.asset
  artifactKey: Guid(7f66dc511e7f3a142b9804c2f525d7f9) Importer(815301076,1909f56bfc062723c751e8b465ee728b)
Start importing Assets/Weapons/GreatSword/RegularAttack/CharMo_01_NimbleSpear.asset using Guid(7f66dc511e7f3a142b9804c2f525d7f9) Importer(815301076,1909f56bfc062723c751e8b465ee728b)  -> (artifact id: 'f81037292821121229def7db7785c3eb') in 0.007403 seconds
  Import took 0.013032 seconds .

========================================================================
Received Import Request.
  Time since last request: 5.919095 seconds.
  path: Assets/Weapons/GreatSword/RegularAttack/CharMo_01_GreatSword.asset
  artifactKey: Guid(7f66dc511e7f3a142b9804c2f525d7f9) Importer(815301076,1909f56bfc062723c751e8b465ee728b)
Start importing Assets/Weapons/GreatSword/RegularAttack/CharMo_01_GreatSword.asset using Guid(7f66dc511e7f3a142b9804c2f525d7f9) Importer(815301076,1909f56bfc062723c751e8b465ee728b)  -> (artifact id: '32940b053465c043be389fa5245bc5f6') in 0.008421 seconds
  Import took 0.016397 seconds .

========================================================================
Received Prepare
Registering precompiled user dll's ...
Registered in 0.002156 seconds.
Begin MonoManager ReloadAssembly
Native extension for WindowsStandalone target not found
Refreshing native plugins compatible for Editor in 1.25 ms, found 0 plugins.
Preloading 0 native plugins for Editor in 0.00 ms.
Invoked RoslynAnalysisRunner static constructor.
RoslynAnalysisRunner will not be running.
RoslynAnalysisRunner has terminated.
Mono: successfully reloaded assembly
- Completed reload, in  1.909 seconds
Platform modules already initialized, skipping
Shader 'Universal Render Pipeline/Particles/Lit': fallback shader 'Universal Render Pipeline/Particles/SimpleLit' not found
Refreshing native plugins compatible for Editor in 0.83 ms, found 0 plugins.
Preloading 0 native plugins for Editor in 0.00 ms.
Unloading 2831 Unused Serialized files (Serialized files now loaded: 0)
System memory in use before: 133.7 MB.
System memory in use after: 133.9 MB.

Unloading 6 unused Assets to reduce memory usage. Loaded Objects now: 3506.
Total: 5.338700 ms (FindLiveObjects: 0.803800 ms CreateObjectMapping: 0.273900 ms MarkObjects: 4.236700 ms  DeleteObjects: 0.022200 ms)

========================================================================
Received Prepare
Registering precompiled user dll's ...
Registered in 0.001743 seconds.
Begin MonoManager ReloadAssembly
Native extension for WindowsStandalone target not found
Refreshing native plugins compatible for Editor in 0.80 ms, found 0 plugins.
Preloading 0 native plugins for Editor in 0.00 ms.
Invoked RoslynAnalysisRunner static constructor.
RoslynAnalysisRunner will not be running.
RoslynAnalysisRunner has terminated.
Mono: successfully reloaded assembly
- Completed reload, in  1.740 seconds
Platform modules already initialized, skipping
Shader 'Universal Render Pipeline/Particles/Lit': fallback shader 'Universal Render Pipeline/Particles/SimpleLit' not found
Refreshing native plugins compatible for Editor in 0.82 ms, found 0 plugins.
Preloading 0 native plugins for Editor in 0.00 ms.
Unloading 2831 Unused Serialized files (Serialized files now loaded: 0)
System memory in use before: 133.7 MB.
System memory in use after: 133.9 MB.

Unloading 6 unused Assets to reduce memory usage. Loaded Objects now: 3508.
Total: 4.720200 ms (FindLiveObjects: 0.338200 ms CreateObjectMapping: 0.182400 ms MarkObjects: 4.169800 ms  DeleteObjects: 0.028000 ms)

========================================================================
Received Prepare
Registering precompiled user dll's ...
Registered in 0.002035 seconds.
Begin MonoManager ReloadAssembly
Native extension for WindowsStandalone target not found
Refreshing native plugins compatible for Editor in 0.71 ms, found 0 plugins.
Preloading 0 native plugins for Editor in 0.00 ms.
Invoked RoslynAnalysisRunner static constructor.
RoslynAnalysisRunner will not be running.
RoslynAnalysisRunner has terminated.
Mono: successfully reloaded assembly
- Completed reload, in  1.630 seconds
Platform modules already initialized, skipping
Shader 'Universal Render Pipeline/Particles/Lit': fallback shader 'Universal Render Pipeline/Particles/SimpleLit' not found
Refreshing native plugins compatible for Editor in 0.75 ms, found 0 plugins.
Preloading 0 native plugins for Editor in 0.00 ms.
Unloading 2831 Unused Serialized files (Serialized files now loaded: 0)
System memory in use before: 133.7 MB.
System memory in use after: 133.9 MB.

Unloading 6 unused Assets to reduce memory usage. Loaded Objects now: 3510.
Total: 3.020200 ms (FindLiveObjects: 0.377800 ms CreateObjectMapping: 0.145900 ms MarkObjects: 2.473600 ms  DeleteObjects: 0.021800 ms)

========================================================================
Received Prepare
Registering precompiled user dll's ...
Registered in 0.002711 seconds.
Begin MonoManager ReloadAssembly
Native extension for WindowsStandalone target not found
Refreshing native plugins compatible for Editor in 0.67 ms, found 0 plugins.
Preloading 0 native plugins for Editor in 0.00 ms.
Invoked RoslynAnalysisRunner static constructor.
RoslynAnalysisRunner will not be running.
RoslynAnalysisRunner has terminated.
Mono: successfully reloaded assembly
- Completed reload, in  1.577 seconds
Platform modules already initialized, skipping
Shader 'Universal Render Pipeline/Particles/Lit': fallback shader 'Universal Render Pipeline/Particles/SimpleLit' not found
Refreshing native plugins compatible for Editor in 0.75 ms, found 0 plugins.
Preloading 0 native plugins for Editor in 0.00 ms.
Unloading 2831 Unused Serialized files (Serialized files now loaded: 0)
System memory in use before: 133.7 MB.
System memory in use after: 133.9 MB.

Unloading 6 unused Assets to reduce memory usage. Loaded Objects now: 3512.
Total: 3.321400 ms (FindLiveObjects: 0.385400 ms CreateObjectMapping: 0.187100 ms MarkObjects: 2.724500 ms  DeleteObjects: 0.022300 ms)

========================================================================
Received Prepare
Registering precompiled user dll's ...
Registered in 0.001431 seconds.
Begin MonoManager ReloadAssembly
Native extension for WindowsStandalone target not found
Refreshing native plugins compatible for Editor in 0.72 ms, found 0 plugins.
Preloading 0 native plugins for Editor in 0.00 ms.
Invoked RoslynAnalysisRunner static constructor.
RoslynAnalysisRunner will not be running.
RoslynAnalysisRunner has terminated.
Mono: successfully reloaded assembly
- Completed reload, in  1.117 seconds
Platform modules already initialized, skipping
Shader 'Universal Render Pipeline/Particles/Lit': fallback shader 'Universal Render Pipeline/Particles/SimpleLit' not found
Refreshing native plugins compatible for Editor in 0.84 ms, found 0 plugins.
Preloading 0 native plugins for Editor in 0.00 ms.
Unloading 2831 Unused Serialized files (Serialized files now loaded: 0)
System memory in use before: 133.7 MB.
System memory in use after: 133.9 MB.

Unloading 6 unused Assets to reduce memory usage. Loaded Objects now: 3514.
Total: 9.929100 ms (FindLiveObjects: 1.150400 ms CreateObjectMapping: 0.720900 ms MarkObjects: 8.017300 ms  DeleteObjects: 0.038300 ms)

AssetImportWorkerClient::OnTransportError - code=2 error=End of file
