Using pre-set license
Built from '2020.2/release' branch; Version is '2020.2.1f1 (270dd8c3da1c) revision 2559448'; Using compiler version '192528614'; Build Type 'Release'
OS: 'Windows 10  (10.0.0) 64bit' Language: 'en' Physical Memory: 16271 MB
BatchMode: 1, IsHumanControllingUs: 0, StartBugReporterOnCrash: 0, Is64bit: 1, IsPro: 0

 COMMAND LINE ARGUMENTS:
C:\Program Files\Unity\Hub\Editor\2020.2.1f1\Editor\Unity.exe
-adb2
-batchMode
-noUpm
-name
AssetImportWorker0
-projectPath
D:/_GameProjects/UnknownEntityRepo/UnknownEntityUnity
-logFile
Logs/AssetImportWorker0.log
-srvPort
58369
Successfully changed project path to: D:/_GameProjects/UnknownEntityRepo/UnknownEntityUnity
D:/_GameProjects/UnknownEntityRepo/UnknownEntityUnity
Using Asset Import Pipeline V2.
Refreshing native plugins compatible for Editor in 75.64 ms, found 0 plugins.
Preloading 0 native plugins for Editor in 0.00 ms.
Initialize engine version: 2020.2.1f1 (270dd8c3da1c)
[Subsystems] Discovering subsystems at path C:/Program Files/Unity/Hub/Editor/2020.2.1f1/Editor/Data/Resources/UnitySubsystems
[Subsystems] Discovering subsystems at path D:/_GameProjects/UnknownEntityRepo/UnknownEntityUnity/Assets
GfxDevice: creating device client; threaded=0
Direct3D:
    Version:  Direct3D 11.0 [level 11.1]
    Renderer: NVIDIA GeForce GTX 1060 (ID=0x1c20)
    Vendor:   
    VRAM:     6052 MB
    Driver:   27.21.14.5730
Initialize mono
Mono path[0] = 'C:/Program Files/Unity/Hub/Editor/2020.2.1f1/Editor/Data/Managed'
Mono path[1] = 'C:/Program Files/Unity/Hub/Editor/2020.2.1f1/Editor/Data/MonoBleedingEdge/lib/mono/unityjit'
Mono config path = 'C:/Program Files/Unity/Hub/Editor/2020.2.1f1/Editor/Data/MonoBleedingEdge/etc'
Using monoOptions --debugger-agent=transport=dt_socket,embedding=1,server=y,suspend=n,address=127.0.0.1:56024
Begin MonoManager ReloadAssembly
Registering precompiled unity dll's ...
Register platform support module: C:/Program Files/Unity/Hub/Editor/2020.2.1f1/Editor/Data/PlaybackEngines/WindowsStandaloneSupport/UnityEditor.WindowsStandalone.Extensions.dll
Registered in 0.002401 seconds.
Native extension for WindowsStandalone target not found
Refreshing native plugins compatible for Editor in 59.83 ms, found 0 plugins.
Preloading 0 native plugins for Editor in 0.00 ms.
Invoked RoslynAnalysisRunner static constructor.
RoslynAnalysisRunner will not be running.
RoslynAnalysisRunner has terminated.
Mono: successfully reloaded assembly
- Completed reload, in  2.545 seconds
Platform modules already initialized, skipping
Registering precompiled user dll's ...
Registered in 0.001747 seconds.
Begin MonoManager ReloadAssembly
Native extension for WindowsStandalone target not found
Refreshing native plugins compatible for Editor in 58.04 ms, found 0 plugins.
Preloading 0 native plugins for Editor in 0.00 ms.
Invoked RoslynAnalysisRunner static constructor.
RoslynAnalysisRunner will not be running.
RoslynAnalysisRunner has terminated.
Mono: successfully reloaded assembly
- Completed reload, in  1.047 seconds
Platform modules already initialized, skipping
========================================================================
Worker process is ready to serve import requests
Shader 'Universal Render Pipeline/Particles/Lit': fallback shader 'Universal Render Pipeline/Particles/SimpleLit' not found
Shader 'Universal Render Pipeline/Particles/Lit': fallback shader 'Universal Render Pipeline/Particles/SimpleLit' not found
Launched and connected shader compiler UnityShaderCompiler.exe after 0.06 seconds
Refreshing native plugins compatible for Editor in 0.53 ms, found 0 plugins.
Preloading 0 native plugins for Editor in 0.00 ms.
Unloading 2901 Unused Serialized files (Serialized files now loaded: 0)
System memory in use before: 126.8 MB.
System memory in use after: 124.4 MB.

Unloading 54 unused Assets to reduce memory usage. Loaded Objects now: 3312.
Total: 4.052000 ms (FindLiveObjects: 0.287000 ms CreateObjectMapping: 0.116300 ms MarkObjects: 2.100600 ms  DeleteObjects: 1.546700 ms)

========================================================================
Received Import Request.
  path: Assets/Weapons/NimbleSpear
  artifactKey: Guid(f3ea15918f2c8e041a77489b99eb030b) Importer(815301076,1909f56bfc062723c751e8b465ee728b)
Start importing Assets/Weapons/NimbleSpear using Guid(f3ea15918f2c8e041a77489b99eb030b) Importer(815301076,1909f56bfc062723c751e8b465ee728b)  -> (artifact id: 'bc3116413359e1020b1a09c227cf238b') in 0.011477 seconds
  Import took 0.052804 seconds .

========================================================================
Received Import Request.
  Time since last request: 0.000582 seconds.
  path: Assets/Weapons/NimbleSpear/AttackFX_03Charge_NimbleSpear.asset
  artifactKey: Guid(6f1def151e891184e941fdbacdba983d) Importer(815301076,1909f56bfc062723c751e8b465ee728b)
Start importing Assets/Weapons/NimbleSpear/AttackFX_03Charge_NimbleSpear.asset using Guid(6f1def151e891184e941fdbacdba983d) Importer(815301076,1909f56bfc062723c751e8b465ee728b)  -> (artifact id: '246aa2b3a685c03589c9906fff1e5752') in 0.073555 seconds
  Import took 0.119092 seconds .

========================================================================
Received Import Request.
  Time since last request: 0.000448 seconds.
  path: Assets/Weapons/NimbleSpear/AttackFX_03_NimbleSpear.asset
  artifactKey: Guid(d10037f34488ce1408127fb8615eb69a) Importer(815301076,1909f56bfc062723c751e8b465ee728b)
Start importing Assets/Weapons/NimbleSpear/AttackFX_03_NimbleSpear.asset using Guid(d10037f34488ce1408127fb8615eb69a) Importer(815301076,1909f56bfc062723c751e8b465ee728b)  -> (artifact id: '1f27a7c5d142d2721ef84f4257051dda') in 0.030431 seconds
  Import took 0.053022 seconds .

========================================================================
Received Import Request.
  Time since last request: 0.000297 seconds.
  path: Assets/Weapons/NimbleSpear/AttackFX_01_NimbleSpear.asset
  artifactKey: Guid(954a272b6bc475f4dbdd0d5f9f21bb98) Importer(815301076,1909f56bfc062723c751e8b465ee728b)
Start importing Assets/Weapons/NimbleSpear/AttackFX_01_NimbleSpear.asset using Guid(954a272b6bc475f4dbdd0d5f9f21bb98) Importer(815301076,1909f56bfc062723c751e8b465ee728b)  -> (artifact id: '3206ab7bff6a1451e9f9bf6247016fc6') in 0.029469 seconds
  Import took 0.067148 seconds .

========================================================================
Received Import Request.
  Time since last request: 0.000442 seconds.
  path: Assets/Weapons/NimbleSpear/AttackFX_02_NimbleSpear.asset
  artifactKey: Guid(e9e7f6dc057652041888e16828c088ea) Importer(815301076,1909f56bfc062723c751e8b465ee728b)
Start importing Assets/Weapons/NimbleSpear/AttackFX_02_NimbleSpear.asset using Guid(e9e7f6dc057652041888e16828c088ea) Importer(815301076,1909f56bfc062723c751e8b465ee728b)  -> (artifact id: '92411eb68e02f3e140f1a54b1fcf550d') in 0.026162 seconds
  Import took 0.033419 seconds .

AssetImportWorkerClient::OnTransportError - code=2 error=End of file
