Using pre-set license
Built from '2020.2/release' branch; Version is '2020.2.1f1 (270dd8c3da1c) revision 2559448'; Using compiler version '192528614'; Build Type 'Release'
OS: 'Windows 10  (10.0.0) 64bit' Language: 'en' Physical Memory: 16326 MB
BatchMode: 1, IsHumanControllingUs: 0, StartBugReporterOnCrash: 0, Is64bit: 1, IsPro: 0

 COMMAND LINE ARGUMENTS:
C:\Program Files\Unity\Hub\Editor\2020.2.1f1\Editor\Unity.exe
-adb2
-batchMode
-noUpm
-name
AssetImportWorker1
-projectPath
F:/_GAME PROTOTYPES/UnknownEntityRepo/UnknownEntityUnity
-logFile
Logs/AssetImportWorker1.log
-srvPort
63258
Successfully changed project path to: F:/_GAME PROTOTYPES/UnknownEntityRepo/UnknownEntityUnity
F:/_GAME PROTOTYPES/UnknownEntityRepo/UnknownEntityUnity
Using Asset Import Pipeline V2.
Refreshing native plugins compatible for Editor in 58.28 ms, found 0 plugins.
Preloading 0 native plugins for Editor in 0.00 ms.
Initialize engine version: 2020.2.1f1 (270dd8c3da1c)
[Subsystems] Discovering subsystems at path C:/Program Files/Unity/Hub/Editor/2020.2.1f1/Editor/Data/Resources/UnitySubsystems
[Subsystems] Discovering subsystems at path F:/_GAME PROTOTYPES/UnknownEntityRepo/UnknownEntityUnity/Assets
GfxDevice: creating device client; threaded=0
Direct3D:
    Version:  Direct3D 11.0 [level 11.1]
    Renderer: NVIDIA GeForce GTX 1070 Ti (ID=0x1b82)
    Vendor:   
    VRAM:     8079 MB
    Driver:   27.21.14.5730
Shader 'Universal Render Pipeline/Particles/Lit': fallback shader 'Universal Render Pipeline/Particles/SimpleLit' not found
Initialize mono
Mono path[0] = 'C:/Program Files/Unity/Hub/Editor/2020.2.1f1/Editor/Data/Managed'
Mono path[1] = 'C:/Program Files/Unity/Hub/Editor/2020.2.1f1/Editor/Data/MonoBleedingEdge/lib/mono/unityjit'
Mono config path = 'C:/Program Files/Unity/Hub/Editor/2020.2.1f1/Editor/Data/MonoBleedingEdge/etc'
Using monoOptions --debugger-agent=transport=dt_socket,embedding=1,server=y,suspend=n,address=127.0.0.1:56628
Begin MonoManager ReloadAssembly
Registering precompiled unity dll's ...
Register platform support module: C:/Program Files/Unity/Hub/Editor/2020.2.1f1/Editor/Data/PlaybackEngines/WindowsStandaloneSupport/UnityEditor.WindowsStandalone.Extensions.dll
Registered in 0.002226 seconds.
Native extension for WindowsStandalone target not found
Refreshing native plugins compatible for Editor in 66.33 ms, found 0 plugins.
Preloading 0 native plugins for Editor in 0.00 ms.
Invoked RoslynAnalysisRunner static constructor.
RoslynAnalysisRunner will not be running.
RoslynAnalysisRunner has terminated.
Mono: successfully reloaded assembly
- Completed reload, in  1.911 seconds
Platform modules already initialized, skipping
Registering precompiled user dll's ...
Registered in 0.001000 seconds.
Begin MonoManager ReloadAssembly
Native extension for WindowsStandalone target not found
Refreshing native plugins compatible for Editor in 101.01 ms, found 0 plugins.
Preloading 0 native plugins for Editor in 0.00 ms.
Invoked RoslynAnalysisRunner static constructor.
RoslynAnalysisRunner will not be running.
RoslynAnalysisRunner has terminated.
Mono: successfully reloaded assembly
- Completed reload, in  1.744 seconds
Platform modules already initialized, skipping
========================================================================
Worker process is ready to serve import requests
Shader 'Universal Render Pipeline/Particles/Lit': fallback shader 'Universal Render Pipeline/Particles/SimpleLit' not found
Launched and connected shader compiler UnityShaderCompiler.exe after 0.12 seconds
Refreshing native plugins compatible for Editor in 0.58 ms, found 0 plugins.
Preloading 0 native plugins for Editor in 0.00 ms.
Unloading 2896 Unused Serialized files (Serialized files now loaded: 0)
System memory in use before: 129.1 MB.
System memory in use after: 129.3 MB.

Unloading 16 unused Assets to reduce memory usage. Loaded Objects now: 3345.
Total: 3.726500 ms (FindLiveObjects: 0.268700 ms CreateObjectMapping: 0.140200 ms MarkObjects: 3.240400 ms  DeleteObjects: 0.076100 ms)

========================================================================
Received Import Request.
  path: Assets/FXs/MotionFXs/DashDustFX02.png
  artifactKey: Guid(163b993c5be59a44e994dc64b82bb408) Importer(815301076,1909f56bfc062723c751e8b465ee728b)
Start importing Assets/FXs/MotionFXs/DashDustFX02.png using Guid(163b993c5be59a44e994dc64b82bb408) Importer(815301076,1909f56bfc062723c751e8b465ee728b)  -> (artifact id: '129ea4318e728bbb762eef7b9ebefb0a') in 0.162666 seconds
  Import took 0.176329 seconds .

========================================================================
Received Import Request.
  Time since last request: 0.000319 seconds.
  path: Assets/FXs/MotionFXs/DashDustFX04.png
  artifactKey: Guid(3706affaa517a544d932c1a6a34637c7) Importer(815301076,1909f56bfc062723c751e8b465ee728b)
Start importing Assets/FXs/MotionFXs/DashDustFX04.png using Guid(3706affaa517a544d932c1a6a34637c7) Importer(815301076,1909f56bfc062723c751e8b465ee728b)  -> (artifact id: '3b4f1a5721e685fd7d058cd9eedcec0f') in 0.030903 seconds
  Import took 0.061922 seconds .

========================================================================
Received Import Request.
  Time since last request: 0.000278 seconds.
  path: Assets/FXs/MotionFXs/DashDustFX01.png
  artifactKey: Guid(50b4ac7683b5a1a4c8f31ccbb736d294) Importer(815301076,1909f56bfc062723c751e8b465ee728b)
Start importing Assets/FXs/MotionFXs/DashDustFX01.png using Guid(50b4ac7683b5a1a4c8f31ccbb736d294) Importer(815301076,1909f56bfc062723c751e8b465ee728b)  -> (artifact id: 'aaf4cac33111622a5e259faad2328127') in 0.041515 seconds
  Import took 0.071096 seconds .

========================================================================
Received Import Request.
  Time since last request: 0.000231 seconds.
  path: Assets/FXs/MotionFXs/DashDustFX03.png
  artifactKey: Guid(d05db7d59c110454aa3b5720a1925f15) Importer(815301076,1909f56bfc062723c751e8b465ee728b)
Start importing Assets/FXs/MotionFXs/DashDustFX03.png using Guid(d05db7d59c110454aa3b5720a1925f15) Importer(815301076,1909f56bfc062723c751e8b465ee728b)  -> (artifact id: '44c9e48d0949a2fd5db53836fecf764a') in 0.023532 seconds
  Import took 0.063332 seconds .

========================================================================
Received Import Request.
  Time since last request: 0.000239 seconds.
  path: Assets/FXs/MotionFXs/DashDustFX01.png
  artifactKey: Guid(50b4ac7683b5a1a4c8f31ccbb736d294) Importer(815301076,1909f56bfc062723c751e8b465ee728b)
Start importing Assets/FXs/MotionFXs/DashDustFX01.png using Guid(50b4ac7683b5a1a4c8f31ccbb736d294) Importer(815301076,1909f56bfc062723c751e8b465ee728b)  -> (artifact id: 'aaf4cac33111622a5e259faad2328127') in 0.009361 seconds
  Import took 0.017573 seconds .

========================================================================
Received Import Request.
  Time since last request: 0.000231 seconds.
  path: Assets/FXs/MotionFXs/DashDustFX01.anim
  artifactKey: Guid(3c1132f523eb700469c3a4eebf153400) Importer(815301076,1909f56bfc062723c751e8b465ee728b)
Start importing Assets/FXs/MotionFXs/DashDustFX01.anim using Guid(3c1132f523eb700469c3a4eebf153400) Importer(815301076,1909f56bfc062723c751e8b465ee728b)  -> (artifact id: '538223b0a9a4d817c21ea21c3b2dc143') in 0.007844 seconds
  Import took 0.026588 seconds .

========================================================================
Received Import Request.
  Time since last request: 26.654200 seconds.
  path: Assets/FXs/MotionFXs/DashDustFX01.png
  artifactKey: Guid(50b4ac7683b5a1a4c8f31ccbb736d294) Importer(815301076,1909f56bfc062723c751e8b465ee728b)
Start importing Assets/FXs/MotionFXs/DashDustFX01.png using Guid(50b4ac7683b5a1a4c8f31ccbb736d294) Importer(815301076,1909f56bfc062723c751e8b465ee728b)  -> (artifact id: 'b3588e6ede6e43b5f6d557d7e8d3c66d') in 0.011471 seconds
  Import took 0.049116 seconds .

========================================================================
Received Import Request.
  Time since last request: 0.000236 seconds.
  path: Assets/FXs/MotionFXs/DashDustFX02.png
  artifactKey: Guid(163b993c5be59a44e994dc64b82bb408) Importer(815301076,1909f56bfc062723c751e8b465ee728b)
Start importing Assets/FXs/MotionFXs/DashDustFX02.png using Guid(163b993c5be59a44e994dc64b82bb408) Importer(815301076,1909f56bfc062723c751e8b465ee728b)  -> (artifact id: '07f1df3c14eb57b751efb8e344dae6f8') in 0.011837 seconds
  Import took 0.024387 seconds .

========================================================================
Received Import Request.
  Time since last request: 0.000199 seconds.
  path: Assets/FXs/MotionFXs/DashDustFX04.png
  artifactKey: Guid(3706affaa517a544d932c1a6a34637c7) Importer(815301076,1909f56bfc062723c751e8b465ee728b)
Start importing Assets/FXs/MotionFXs/DashDustFX04.png using Guid(3706affaa517a544d932c1a6a34637c7) Importer(815301076,1909f56bfc062723c751e8b465ee728b)  -> (artifact id: '36c0afdde74f22ebded84346dbe9c4e0') in 0.013698 seconds
  Import took 0.023482 seconds .

========================================================================
Received Import Request.
  Time since last request: 0.000274 seconds.
  path: Assets/FXs/MotionFXs/DashDustFX03.png
  artifactKey: Guid(d05db7d59c110454aa3b5720a1925f15) Importer(815301076,1909f56bfc062723c751e8b465ee728b)
Start importing Assets/FXs/MotionFXs/DashDustFX03.png using Guid(d05db7d59c110454aa3b5720a1925f15) Importer(815301076,1909f56bfc062723c751e8b465ee728b)  -> (artifact id: '0ae09e36b976d30520baadb2cffb4258') in 0.016291 seconds
  Import took 0.031299 seconds .

========================================================================
Received Import Request.
  Time since last request: 52.883814 seconds.
  path: Assets/FXs/MotionFXs/DashDustFX01.png
  artifactKey: Guid(50b4ac7683b5a1a4c8f31ccbb736d294) Importer(815301076,1909f56bfc062723c751e8b465ee728b)
Start importing Assets/FXs/MotionFXs/DashDustFX01.png using Guid(50b4ac7683b5a1a4c8f31ccbb736d294) Importer(815301076,1909f56bfc062723c751e8b465ee728b)  -> (artifact id: '240d0fb7433838467bc025a0ef8f14e3') in 0.024071 seconds
  Import took 0.041807 seconds .

========================================================================
Received Import Request.
  Time since last request: 0.002696 seconds.
  path: Assets/FXs/MotionFXs/DashDustFX01.png
  artifactKey: Guid(50b4ac7683b5a1a4c8f31ccbb736d294) Importer(815301076,1909f56bfc062723c751e8b465ee728b)
Start importing Assets/FXs/MotionFXs/DashDustFX01.png using Guid(50b4ac7683b5a1a4c8f31ccbb736d294) Importer(815301076,1909f56bfc062723c751e8b465ee728b)  -> (artifact id: '240d0fb7433838467bc025a0ef8f14e3') in 0.019016 seconds
  Import took 0.025210 seconds .

========================================================================
Received Import Request.
  Time since last request: 25.465528 seconds.
  path: Assets/FXs/MotionFXs/DashDustFX01.png
  artifactKey: Guid(50b4ac7683b5a1a4c8f31ccbb736d294) Importer(815301076,1909f56bfc062723c751e8b465ee728b)
Start importing Assets/FXs/MotionFXs/DashDustFX01.png using Guid(50b4ac7683b5a1a4c8f31ccbb736d294) Importer(815301076,1909f56bfc062723c751e8b465ee728b)  -> (artifact id: 'ab39dee82ebb54683b7aeb7a08b9efe2') in 0.062908 seconds
  Import took 0.068895 seconds .

========================================================================
Received Prepare
Registering precompiled user dll's ...
Registered in 0.001324 seconds.
Begin MonoManager ReloadAssembly
Native extension for WindowsStandalone target not found
Refreshing native plugins compatible for Editor in 0.62 ms, found 0 plugins.
Preloading 0 native plugins for Editor in 0.00 ms.
Invoked RoslynAnalysisRunner static constructor.
RoslynAnalysisRunner will not be running.
RoslynAnalysisRunner has terminated.
Mono: successfully reloaded assembly
- Completed reload, in  1.120 seconds
Platform modules already initialized, skipping
Shader 'Universal Render Pipeline/Particles/Lit': fallback shader 'Universal Render Pipeline/Particles/SimpleLit' not found
Refreshing native plugins compatible for Editor in 0.75 ms, found 0 plugins.
Preloading 0 native plugins for Editor in 0.00 ms.
Unloading 2787 Unused Serialized files (Serialized files now loaded: 0)
System memory in use before: 126.6 MB.
System memory in use after: 126.8 MB.

Unloading 6 unused Assets to reduce memory usage. Loaded Objects now: 3361.
Total: 3.337700 ms (FindLiveObjects: 0.352100 ms CreateObjectMapping: 0.133100 ms MarkObjects: 2.815700 ms  DeleteObjects: 0.035500 ms)

========================================================================
Received Prepare
Registering precompiled user dll's ...
Registered in 0.001685 seconds.
Begin MonoManager ReloadAssembly
Native extension for WindowsStandalone target not found
Refreshing native plugins compatible for Editor in 0.98 ms, found 0 plugins.
Preloading 0 native plugins for Editor in 0.00 ms.
Invoked RoslynAnalysisRunner static constructor.
RoslynAnalysisRunner will not be running.
RoslynAnalysisRunner has terminated.
Mono: successfully reloaded assembly
- Completed reload, in  1.198 seconds
Platform modules already initialized, skipping
Shader 'Universal Render Pipeline/Particles/Lit': fallback shader 'Universal Render Pipeline/Particles/SimpleLit' not found
Refreshing native plugins compatible for Editor in 0.87 ms, found 0 plugins.
Preloading 0 native plugins for Editor in 0.00 ms.
Unloading 2787 Unused Serialized files (Serialized files now loaded: 0)
System memory in use before: 127.7 MB.
System memory in use after: 127.9 MB.

Unloading 6 unused Assets to reduce memory usage. Loaded Objects now: 3363.
Total: 3.106600 ms (FindLiveObjects: 0.351400 ms CreateObjectMapping: 0.163300 ms MarkObjects: 2.568500 ms  DeleteObjects: 0.022400 ms)

========================================================================
Received Prepare
Registering precompiled user dll's ...
Registered in 0.001383 seconds.
Begin MonoManager ReloadAssembly
Native extension for WindowsStandalone target not found
Refreshing native plugins compatible for Editor in 1.03 ms, found 0 plugins.
Preloading 0 native plugins for Editor in 0.00 ms.
Invoked RoslynAnalysisRunner static constructor.
RoslynAnalysisRunner will not be running.
RoslynAnalysisRunner has terminated.
Mono: successfully reloaded assembly
- Completed reload, in  1.449 seconds
Platform modules already initialized, skipping
Shader 'Universal Render Pipeline/Particles/Lit': fallback shader 'Universal Render Pipeline/Particles/SimpleLit' not found
Refreshing native plugins compatible for Editor in 0.68 ms, found 0 plugins.
Preloading 0 native plugins for Editor in 0.00 ms.
Unloading 2787 Unused Serialized files (Serialized files now loaded: 0)
System memory in use before: 127.6 MB.
System memory in use after: 127.8 MB.

Unloading 6 unused Assets to reduce memory usage. Loaded Objects now: 3365.
Total: 2.741800 ms (FindLiveObjects: 0.287600 ms CreateObjectMapping: 0.150400 ms MarkObjects: 2.282300 ms  DeleteObjects: 0.020200 ms)

========================================================================
Received Prepare
Registering precompiled user dll's ...
Registered in 0.001447 seconds.
Begin MonoManager ReloadAssembly
Native extension for WindowsStandalone target not found
Refreshing native plugins compatible for Editor in 0.67 ms, found 0 plugins.
Preloading 0 native plugins for Editor in 0.00 ms.
Invoked RoslynAnalysisRunner static constructor.
RoslynAnalysisRunner will not be running.
RoslynAnalysisRunner has terminated.
Mono: successfully reloaded assembly
- Completed reload, in  1.503 seconds
Platform modules already initialized, skipping
Shader 'Universal Render Pipeline/Particles/Lit': fallback shader 'Universal Render Pipeline/Particles/SimpleLit' not found
Refreshing native plugins compatible for Editor in 0.69 ms, found 0 plugins.
Preloading 0 native plugins for Editor in 0.00 ms.
Unloading 2787 Unused Serialized files (Serialized files now loaded: 0)
System memory in use before: 127.7 MB.
System memory in use after: 127.9 MB.

Unloading 6 unused Assets to reduce memory usage. Loaded Objects now: 3367.
Total: 3.043600 ms (FindLiveObjects: 0.393200 ms CreateObjectMapping: 0.170700 ms MarkObjects: 2.460000 ms  DeleteObjects: 0.018400 ms)

========================================================================
Received Prepare
Registering precompiled user dll's ...
Registered in 0.001505 seconds.
Begin MonoManager ReloadAssembly
Native extension for WindowsStandalone target not found
Refreshing native plugins compatible for Editor in 0.67 ms, found 0 plugins.
Preloading 0 native plugins for Editor in 0.00 ms.
Invoked RoslynAnalysisRunner static constructor.
RoslynAnalysisRunner will not be running.
RoslynAnalysisRunner has terminated.
Mono: successfully reloaded assembly
- Completed reload, in  1.326 seconds
Platform modules already initialized, skipping
Shader 'Universal Render Pipeline/Particles/Lit': fallback shader 'Universal Render Pipeline/Particles/SimpleLit' not found
Refreshing native plugins compatible for Editor in 0.66 ms, found 0 plugins.
Preloading 0 native plugins for Editor in 0.00 ms.
Unloading 2787 Unused Serialized files (Serialized files now loaded: 0)
System memory in use before: 127.7 MB.
System memory in use after: 127.9 MB.

Unloading 6 unused Assets to reduce memory usage. Loaded Objects now: 3369.
Total: 3.015400 ms (FindLiveObjects: 0.297600 ms CreateObjectMapping: 0.167400 ms MarkObjects: 2.530900 ms  DeleteObjects: 0.018400 ms)

========================================================================
Received Prepare
Registering precompiled user dll's ...
Registered in 0.001283 seconds.
Begin MonoManager ReloadAssembly
Native extension for WindowsStandalone target not found
Refreshing native plugins compatible for Editor in 0.61 ms, found 0 plugins.
Preloading 0 native plugins for Editor in 0.00 ms.
Invoked RoslynAnalysisRunner static constructor.
RoslynAnalysisRunner will not be running.
RoslynAnalysisRunner has terminated.
Mono: successfully reloaded assembly
- Completed reload, in  1.321 seconds
Platform modules already initialized, skipping
Shader 'Universal Render Pipeline/Particles/Lit': fallback shader 'Universal Render Pipeline/Particles/SimpleLit' not found
Refreshing native plugins compatible for Editor in 0.63 ms, found 0 plugins.
Preloading 0 native plugins for Editor in 0.00 ms.
Unloading 2787 Unused Serialized files (Serialized files now loaded: 0)
System memory in use before: 127.7 MB.
System memory in use after: 127.9 MB.

Unloading 6 unused Assets to reduce memory usage. Loaded Objects now: 3371.
Total: 2.700700 ms (FindLiveObjects: 0.291600 ms CreateObjectMapping: 0.150400 ms MarkObjects: 2.239200 ms  DeleteObjects: 0.018300 ms)

========================================================================
Received Prepare
Registering precompiled user dll's ...
Registered in 0.001599 seconds.
Begin MonoManager ReloadAssembly
Native extension for WindowsStandalone target not found
Refreshing native plugins compatible for Editor in 1.03 ms, found 0 plugins.
Preloading 0 native plugins for Editor in 0.00 ms.
Invoked RoslynAnalysisRunner static constructor.
RoslynAnalysisRunner will not be running.
RoslynAnalysisRunner has terminated.
Mono: successfully reloaded assembly
- Completed reload, in  1.398 seconds
Platform modules already initialized, skipping
Shader 'Universal Render Pipeline/Particles/Lit': fallback shader 'Universal Render Pipeline/Particles/SimpleLit' not found
Refreshing native plugins compatible for Editor in 0.67 ms, found 0 plugins.
Preloading 0 native plugins for Editor in 0.00 ms.
Unloading 2787 Unused Serialized files (Serialized files now loaded: 0)
System memory in use before: 127.5 MB.
System memory in use after: 127.7 MB.

Unloading 6 unused Assets to reduce memory usage. Loaded Objects now: 3373.
Total: 3.229300 ms (FindLiveObjects: 0.410300 ms CreateObjectMapping: 0.205200 ms MarkObjects: 2.586200 ms  DeleteObjects: 0.026300 ms)

========================================================================
Received Prepare
Registering precompiled user dll's ...
Registered in 0.001544 seconds.
Begin MonoManager ReloadAssembly
Native extension for WindowsStandalone target not found
Refreshing native plugins compatible for Editor in 0.61 ms, found 0 plugins.
Preloading 0 native plugins for Editor in 0.00 ms.
Invoked RoslynAnalysisRunner static constructor.
RoslynAnalysisRunner will not be running.
RoslynAnalysisRunner has terminated.
Mono: successfully reloaded assembly
- Completed reload, in  1.099 seconds
Platform modules already initialized, skipping
Shader 'Universal Render Pipeline/Particles/Lit': fallback shader 'Universal Render Pipeline/Particles/SimpleLit' not found
Refreshing native plugins compatible for Editor in 0.65 ms, found 0 plugins.
Preloading 0 native plugins for Editor in 0.00 ms.
Unloading 2787 Unused Serialized files (Serialized files now loaded: 0)
System memory in use before: 127.7 MB.
System memory in use after: 128.0 MB.

Unloading 6 unused Assets to reduce memory usage. Loaded Objects now: 3375.
Total: 2.373800 ms (FindLiveObjects: 0.276800 ms CreateObjectMapping: 0.133400 ms MarkObjects: 1.947300 ms  DeleteObjects: 0.015500 ms)

========================================================================
Received Prepare
Registering precompiled user dll's ...
Registered in 0.001939 seconds.
Begin MonoManager ReloadAssembly
Native extension for WindowsStandalone target not found
Refreshing native plugins compatible for Editor in 0.87 ms, found 0 plugins.
Preloading 0 native plugins for Editor in 0.00 ms.
Invoked RoslynAnalysisRunner static constructor.
RoslynAnalysisRunner will not be running.
RoslynAnalysisRunner has terminated.
Mono: successfully reloaded assembly
- Completed reload, in  1.202 seconds
Platform modules already initialized, skipping
Shader 'Universal Render Pipeline/Particles/Lit': fallback shader 'Universal Render Pipeline/Particles/SimpleLit' not found
Refreshing native plugins compatible for Editor in 0.59 ms, found 0 plugins.
Preloading 0 native plugins for Editor in 0.00 ms.
Unloading 2787 Unused Serialized files (Serialized files now loaded: 0)
System memory in use before: 127.8 MB.
System memory in use after: 128.0 MB.

Unloading 6 unused Assets to reduce memory usage. Loaded Objects now: 3377.
Total: 2.555200 ms (FindLiveObjects: 0.284100 ms CreateObjectMapping: 0.133600 ms MarkObjects: 2.119600 ms  DeleteObjects: 0.016800 ms)

========================================================================
Received Prepare
Registering precompiled user dll's ...
Registered in 0.001358 seconds.
Begin MonoManager ReloadAssembly
Native extension for WindowsStandalone target not found
Refreshing native plugins compatible for Editor in 0.96 ms, found 0 plugins.
Preloading 0 native plugins for Editor in 0.00 ms.
Invoked RoslynAnalysisRunner static constructor.
RoslynAnalysisRunner will not be running.
RoslynAnalysisRunner has terminated.
Mono: successfully reloaded assembly
- Completed reload, in  1.461 seconds
Platform modules already initialized, skipping
Shader 'Universal Render Pipeline/Particles/Lit': fallback shader 'Universal Render Pipeline/Particles/SimpleLit' not found
Refreshing native plugins compatible for Editor in 1.01 ms, found 0 plugins.
Preloading 0 native plugins for Editor in 0.00 ms.
Unloading 2787 Unused Serialized files (Serialized files now loaded: 0)
System memory in use before: 127.7 MB.
System memory in use after: 128.0 MB.

Unloading 6 unused Assets to reduce memory usage. Loaded Objects now: 3379.
Total: 3.509000 ms (FindLiveObjects: 0.538300 ms CreateObjectMapping: 0.364100 ms MarkObjects: 2.584100 ms  DeleteObjects: 0.020900 ms)

========================================================================
Received Prepare
Registering precompiled user dll's ...
Registered in 0.002178 seconds.
Begin MonoManager ReloadAssembly
Native extension for WindowsStandalone target not found
Refreshing native plugins compatible for Editor in 0.60 ms, found 0 plugins.
Preloading 0 native plugins for Editor in 0.00 ms.
Invoked RoslynAnalysisRunner static constructor.
RoslynAnalysisRunner will not be running.
RoslynAnalysisRunner has terminated.
Mono: successfully reloaded assembly
- Completed reload, in  1.124 seconds
Platform modules already initialized, skipping
Shader 'Universal Render Pipeline/Particles/Lit': fallback shader 'Universal Render Pipeline/Particles/SimpleLit' not found
Refreshing native plugins compatible for Editor in 0.58 ms, found 0 plugins.
Preloading 0 native plugins for Editor in 0.00 ms.
Unloading 2787 Unused Serialized files (Serialized files now loaded: 0)
System memory in use before: 127.8 MB.
System memory in use after: 128.0 MB.

Unloading 6 unused Assets to reduce memory usage. Loaded Objects now: 3381.
Total: 4.903400 ms (FindLiveObjects: 0.270300 ms CreateObjectMapping: 0.147700 ms MarkObjects: 4.453700 ms  DeleteObjects: 0.028500 ms)

AssetImportWorkerClient::OnTransportError - code=2 error=End of file
