
=== Mon Nov  4 15:32:06 2019

Packages were changed.
Update Mode: mergeDefaultDependencies

The following packages were added:
  com.unity.package-manager-ui@2.2.0
  com.unity.ext.nunit@1.0.0
  com.unity.test-framework@1.0.13
  com.unity.ide.vscode@1.1.0
  com.unity.ide.rider@1.1.0
  com.unity.ugui@1.0.0
  com.unity.modules.androidjni@1.0.0
The following packages were updated:
  com.unity.collab-proxy from version 1.2.9 to 1.2.16
  com.unity.textmeshpro from version 2.0.0 to 2.0.1
  com.unity.timeline from version 0.0.0-builtin to 1.1.0

=== Mon Nov  4 15:39:01 2019

Packages were changed.
Update Mode: updateDependencies

The following packages were updated:
  com.unity.ide.vscode from version 1.1.0 to 1.1.2

=== Fri Jan  8 12:22:58 2021

Packages were changed.
Update Mode: updateDependencies

The following packages were added:
  com.unity.ide.visualstudio@2.0.5
The following packages were updated:
  com.unity.2d.pixel-perfect from version 1.0.1-preview to 4.0.1
  com.unity.collab-proxy from version 1.2.16 to 1.3.9
  com.unity.ext.nunit from version 1.0.0 to 1.0.5
  com.unity.ide.rider from version 1.1.0 to 2.0.7
  com.unity.ide.vscode from version 1.1.2 to 1.2.3
  com.unity.inputsystem from version 1.0.0 to 1.0.1
  com.unity.test-framework from version 1.0.13 to 1.1.19
  com.unity.textmeshpro from version 2.0.1 to 3.0.1
  com.unity.timeline from version 1.1.0 to 1.2.6
The following packages were removed:
  com.unity.package-manager-ui@2.2.0

=== Tue Nov  2 18:27:06 2021

Packages were changed.
Update Mode: updateDependencies

The following packages were updated:
  com.unity.2d.pixel-perfect from version 4.0.1 to 5.0.1
  com.unity.2d.tilemap.extras from version 1.8.0-preview to 2.2.0
  com.unity.collab-proxy from version 1.3.9 to 1.13.5
  com.unity.ext.nunit from version 1.0.5 to 1.0.6
  com.unity.ide.rider from version 2.0.7 to 3.0.7
  com.unity.ide.visualstudio from version 2.0.5 to 2.0.11
  com.unity.ide.vscode from version 1.2.3 to 1.2.4
  com.unity.inputsystem from version 1.0.1 to 1.1.1
  com.unity.render-pipelines.universal from version 10.2.2 to 12.1.0
  com.unity.test-framework from version 1.1.19 to 1.1.29
  com.unity.textmeshpro from version 3.0.1 to 3.0.6
  com.unity.timeline from version 1.2.6 to 1.6.2
